<?xml version="1.0" encoding="UTF-8"?>
<!-- Generated by org.testng.reporters.JUnitReportReporter -->
<testsuite hostname="R90RNYTD" failures="0" tests="6" name="testSuite.Module2" time="0.004" errors="0" timestamp="2022-08-31T16:51:18 CDT" skipped="0">
  <testcase classname="testSuite.Module2" name="testcase02" time="0.001"/>
  <system-out/>
  <testcase classname="testSuite.Module2" name="testcase03" time="0.001"/>
  <system-out/>
  <testcase classname="testSuite.Module2" name="testcase01" time="0.001"/>
  <system-out/>
  <testcase classname="testSuite.Module2" name="testcase02" time="0.000"/>
  <system-out/>
  <testcase classname="testSuite.Module2" name="testcase03" time="0.000"/>
  <system-out/>
  <testcase classname="testSuite.Module2" name="testcase01" time="0.001"/>
  <system-out/>
</testsuite> <!-- testSuite.Module2 -->
